2025-02-03 14:59:02,418 - INFO - Oyun baþlatýldý.
2025-02-03 14:59:24,889 - INFO - Oyun baþlatýldý.
2025-02-03 14:59:25 - Eve týklandý.
2025-02-03 14:59:26 - Ev konumu güncellendi: (460, 363)
2025-02-03 14:59:47,568 - INFO - Oyun baþlatýldý.
2025-02-03 14:59:48 - Eve týklandý.
2025-02-03 14:59:48 - Ev konumu güncellendi: (572, 360)
2025-02-03 15:00:00,822 - INFO - Oyun baþlatýldý.
2025-02-03 15:00:01 - Eve týklandý.
2025-02-03 15:00:01 - Ev konumu güncellendi: (688, 389)
2025-02-03 15:00:01 - Kedi eve yürüyor. Hedef: (785.0, 486.0)
2025-02-03 15:00:06 - Kediye týklandý.
2025-02-03 15:00:06 - Kedi konumu güncellendi: (366.0, 403.0)
2025-02-03 15:00:06 - Kedi konumu güncellendi: (371.0, 401.0)
2025-02-03 15:00:06 - Kedi konumu güncellendi: (374.0, 400.0)
2025-02-03 15:00:06 - Kedi konumu güncellendi: (376.0, 400.0)
2025-02-03 15:00:06 - Kedi konumu güncellendi: (379.0, 399.0)
2025-02-03 15:00:06 - Kedi konumu güncellendi: (382.0, 397.0)
2025-02-03 15:00:06 - Kedi konumu güncellendi: (384.0, 397.0)
2025-02-03 15:00:07 - Kediye týklandý.
2025-02-03 15:00:07 - Kedi konumu güncellendi: (385.0, 397.0)
2025-02-03 15:00:07 - Kedi konumu güncellendi: (390.0, 396.0)
2025-02-03 15:00:07 - Kedi konumu güncellendi: (396.0, 395.0)
2025-02-03 15:00:07 - Kedi konumu güncellendi: (407.0, 394.0)
2025-02-03 15:00:07 - Kedi konumu güncellendi: (420.0, 392.0)
2025-02-03 15:00:07 - Kedi konumu güncellendi: (435.0, 390.0)
2025-02-03 15:00:07 - Kedi konumu güncellendi: (449.0, 387.0)
2025-02-03 15:00:07 - Kedi konumu güncellendi: (462.0, 386.0)
2025-02-03 15:00:07 - Kedi konumu güncellendi: (468.0, 384.0)
2025-02-03 15:00:07 - Kedi konumu güncellendi: (472.0, 384.0)
2025-02-03 15:00:07 - Kedi konumu güncellendi: (473.0, 384.0)
2025-02-03 15:00:07 - Kedi konumu güncellendi: (474.0, 384.0)
2025-02-03 15:00:07 - Kediye týklandý.
2025-02-03 15:00:08 - Kedi konumu güncellendi: (477.0, 384.0)
2025-02-03 15:00:08 - Kedi konumu güncellendi: (482.0, 383.0)
2025-02-03 15:00:08 - Kedi konumu güncellendi: (490.0, 381.0)
2025-02-03 15:00:08 - Kedi konumu güncellendi: (500.0, 379.0)
2025-02-03 15:00:08 - Kedi konumu güncellendi: (510.0, 377.0)
2025-02-03 15:00:08 - Kedi konumu güncellendi: (524.0, 374.0)
2025-02-03 15:00:08 - Kedi konumu güncellendi: (534.0, 372.0)
2025-02-03 15:00:08 - Kedi konumu güncellendi: (542.0, 370.0)
2025-02-03 15:00:08 - Kedi konumu güncellendi: (547.0, 369.0)
2025-02-03 15:00:08 - Kedi konumu güncellendi: (553.0, 368.0)
2025-02-03 15:00:08 - Kedi konumu güncellendi: (558.0, 367.0)
2025-02-03 15:00:08 - Kedi konumu güncellendi: (563.0, 366.0)
2025-02-03 15:00:08 - Kedi konumu güncellendi: (568.0, 365.0)
2025-02-03 15:00:08 - Kedi konumu güncellendi: (572.0, 365.0)
2025-02-03 15:00:08 - Kedi konumu güncellendi: (575.0, 364.0)
2025-02-03 15:00:08 - Kedi konumu güncellendi: (576.0, 364.0)
2025-02-03 15:00:08 - Kedi konumu güncellendi: (579.0, 364.0)
2025-02-03 15:00:08 - Kedi konumu güncellendi: (582.0, 364.0)
2025-02-03 15:00:08 - Kedi konumu güncellendi: (585.0, 364.0)
2025-02-03 15:00:08 - Kedi konumu güncellendi: (588.0, 363.0)
2025-02-03 15:00:08 - Kedi konumu güncellendi: (591.0, 363.0)
2025-02-03 15:00:08 - Kedi konumu güncellendi: (593.0, 363.0)
2025-02-03 15:00:08 - Kedi konumu güncellendi: (595.0, 363.0)
2025-02-03 15:00:08 - Kedi konumu güncellendi: (600.0, 363.0)
2025-02-03 15:00:08 - Kedi konumu güncellendi: (607.0, 364.0)
2025-02-03 15:00:08 - Kedi konumu güncellendi: (614.0, 366.0)
2025-02-03 15:00:08 - Kedi konumu güncellendi: (621.0, 368.0)
2025-02-03 15:00:08 - Kedi konumu güncellendi: (629.0, 372.0)
2025-02-03 15:00:08 - Kedi konumu güncellendi: (637.0, 376.0)
2025-02-03 15:00:08 - Kedi konumu güncellendi: (638.0, 376.0)
2025-02-03 15:00:08 - Kedi konumu güncellendi: (645.0, 379.0)
2025-02-03 15:00:08 - Kedi konumu güncellendi: (650.0, 384.0)
2025-02-03 15:00:08 - Kedi konumu güncellendi: (653.0, 386.0)
2025-02-03 15:00:08 - Kedi konumu güncellendi: (657.0, 389.0)
2025-02-03 15:00:08 - Kedi konumu güncellendi: (659.0, 389.0)
2025-02-03 15:00:08 - Kedi konumu güncellendi: (660.0, 391.0)
2025-02-03 15:00:08 - Kedi konumu güncellendi: (660.0, 392.0)
2025-02-03 15:00:08 - Kedi konumu güncellendi: (662.0, 394.0)
2025-02-03 15:00:08 - Kedi konumu güncellendi: (664.0, 397.0)
2025-02-03 15:00:08 - Kedi konumu güncellendi: (666.0, 401.0)
2025-02-03 15:00:08 - Kedi konumu güncellendi: (669.0, 405.0)
2025-02-03 15:00:08 - Kedi konumu güncellendi: (671.0, 408.0)
2025-02-03 15:00:08 - Kedi konumu güncellendi: (673.0, 410.0)
2025-02-03 15:00:08 - Kedi konumu güncellendi: (675.0, 412.0)
2025-02-03 15:00:08 - Kedi konumu güncellendi: (677.0, 412.0)
2025-02-03 15:00:08 - Kedi konumu güncellendi: (680.0, 414.0)
2025-02-03 15:00:08 - Kedi konumu güncellendi: (683.0, 415.0)
2025-02-03 15:00:08 - Kedi konumu güncellendi: (684.0, 415.0)
2025-02-03 15:00:08 - Kedi konumu güncellendi: (687.0, 418.0)
2025-02-03 15:00:08 - Kedi konumu güncellendi: (690.0, 419.0)
2025-02-03 15:00:08 - Kedi konumu güncellendi: (692.0, 420.0)
2025-02-03 15:00:08 - Kedi konumu güncellendi: (694.0, 420.0)
2025-02-03 15:00:08 - Kedi konumu güncellendi: (695.0, 420.0)
2025-02-03 15:00:08 - Kedi konumu güncellendi: (695.0, 421.0)
2025-02-03 15:00:08 - Kedi konumu güncellendi: (695.0, 420.0)
2025-02-03 15:00:08 - Kedi konumu güncellendi: (695.0, 414.0)
2025-02-03 15:00:08 - Kedi konumu güncellendi: (694.0, 408.0)
2025-02-03 15:00:08 - Kedi konumu güncellendi: (692.0, 404.0)
2025-02-03 15:00:08 - Kedi konumu güncellendi: (690.0, 398.0)
2025-02-03 15:00:09 - Kedi konumu güncellendi: (687.0, 392.0)
2025-02-03 15:00:09 - Kedi konumu güncellendi: (682.0, 384.0)
2025-02-03 15:00:09 - Kedi konumu güncellendi: (678.0, 378.0)
2025-02-03 15:00:09 - Kedi konumu güncellendi: (677.0, 374.0)
2025-02-03 15:00:09 - Kedi konumu güncellendi: (676.0, 371.0)
2025-02-03 15:00:09 - Kedi konumu güncellendi: (674.0, 366.0)
2025-02-03 15:00:09 - Kedi konumu güncellendi: (673.0, 365.0)
2025-02-03 15:00:09 - Kedi konumu güncellendi: (672.0, 361.0)
2025-02-03 15:00:09 - Kedi konumu güncellendi: (671.0, 357.0)
2025-02-03 15:00:09 - Kedi konumu güncellendi: (670.0, 353.0)
2025-02-03 15:00:09 - Kedi konumu güncellendi: (669.0, 353.0)
2025-02-03 15:00:09 - Kedi konumu güncellendi: (669.0, 352.0)
2025-02-03 15:00:09 - Kedi konumu güncellendi: (668.0, 351.0)
2025-02-03 15:00:09 - Kedi konumu güncellendi: (668.0, 350.0)
2025-02-03 15:00:09 - Eve týklandý.
2025-02-03 15:00:09 - Ev konumu güncellendi: (688, 389)
2025-02-03 15:00:10 - Eve sað týklandý.
2025-02-03 15:08:15,577 - INFO - Oyun baþlatýldý.
2025-02-03 15:08:16 - Eve týklandý.
2025-02-03 15:08:17 - Ev konumu güncellendi: (402, 358)
2025-02-03 15:08:18 - Kediye týklandý.
2025-02-03 15:08:18 - Kedi konumu güncellendi: (363.0, 405.0)
2025-02-03 15:08:18 - Kedi konumu güncellendi: (371.0, 404.0)
2025-02-03 15:08:18 - Kedi konumu güncellendi: (378.0, 404.0)
2025-02-03 15:08:18 - Kedi konumu güncellendi: (384.0, 404.0)
2025-02-03 15:08:18 - Kedi konumu güncellendi: (386.0, 404.0)
2025-02-03 15:08:18 - Kedi konumu güncellendi: (387.0, 404.0)
2025-02-03 15:08:19 - Kediye týklandý.
2025-02-03 15:08:19 - Kedi konumu güncellendi: (387.0, 403.0)
2025-02-03 15:08:19 - Kedi konumu güncellendi: (390.0, 401.0)
2025-02-03 15:08:19 - Kedi konumu güncellendi: (393.0, 401.0)
2025-02-03 15:08:19 - Kedi konumu güncellendi: (399.0, 401.0)
2025-02-03 15:08:19 - Kedi konumu güncellendi: (408.0, 401.0)
2025-02-03 15:08:19 - Kedi konumu güncellendi: (418.0, 401.0)
2025-02-03 15:08:19 - Kedi konumu güncellendi: (426.0, 401.0)
2025-02-03 15:08:19 - Kedi konumu güncellendi: (433.0, 401.0)
2025-02-03 15:08:19 - Kedi konumu güncellendi: (437.0, 401.0)
2025-02-03 15:08:19 - Kedi konumu güncellendi: (441.0, 401.0)
2025-02-03 15:08:19 - Kedi konumu güncellendi: (442.0, 401.0)
2025-02-03 15:08:19 - Kedi konumu güncellendi: (444.0, 401.0)
2025-02-03 15:08:19 - Kedi konumu güncellendi: (445.0, 401.0)
2025-02-03 15:08:19 - Kedi konumu güncellendi: (449.0, 403.0)
2025-02-03 15:08:19 - Kedi konumu güncellendi: (455.0, 403.0)
2025-02-03 15:08:19 - Kedi konumu güncellendi: (461.0, 404.0)
2025-02-03 15:08:19 - Kedi konumu güncellendi: (464.0, 404.0)
2025-02-03 15:08:19 - Kedi konumu güncellendi: (466.0, 404.0)
2025-02-03 15:08:19 - Kedi konumu güncellendi: (468.0, 404.0)
2025-02-03 15:08:19 - Kedi konumu güncellendi: (471.0, 404.0)
2025-02-03 15:08:19 - Kedi konumu güncellendi: (473.0, 404.0)
2025-02-03 15:08:19 - Kedi konumu güncellendi: (474.0, 404.0)
2025-02-03 15:08:19 - Kedi konumu güncellendi: (475.0, 404.0)
2025-02-03 15:08:20 - Eve sað týklandý.
2025-02-03 15:08:20 - Ev menüsü açýldý.
2025-02-03 15:08:20 - Kediye sað týklandý.
2025-02-03 15:08:20 - Kedinin menüsü açýldý/kapatýldý.
2025-02-03 15:08:20 - Ev konumu güncellendi: (402, 358)
2025-02-03 15:08:21 - Kediye týklandý.
2025-02-03 15:08:21 - Eve sað týklandý.
2025-02-03 15:08:21 - Ev konumu güncellendi: (402, 358)
2025-02-03 15:08:22 - Eve sað týklandý.
2025-02-03 15:08:22 - Ev menüsü açýldý.
2025-02-03 15:08:22 - Ev konumu güncellendi: (400, 358)
2025-02-03 15:08:22 - Eve sað týklandý.
2025-02-03 15:08:22 - Ev menüsü açýldý.
2025-02-03 15:08:22 - Ev konumu güncellendi: (400, 358)
2025-02-03 15:08:24 - Eve týklandý.
2025-02-03 15:08:24 - Ev konumu güncellendi: (746, 342)
2025-02-03 15:08:24 - Kedi eve yürüyor. Hedef: (843.0, 439.0)
2025-02-03 15:09:07,069 - INFO - Oyun kapatýldý.
2025-02-03 15:10:25,559 - INFO - Oyun baþlatýldý.
2025-02-03 15:10:26 - Eve týklandý.
2025-02-03 15:10:26 - Kedi eve yürüyor. Hedef: (685.0, 551.0)
2025-02-03 15:10:27 - Eve týklandý.
2025-02-03 15:10:27 - Kedi eve yürüyor. Hedef: (668.0, 480.0)
2025-02-03 15:10:27 - Eve týklandý.
2025-02-03 15:10:28 - Kedi eve yürüyor. Hedef: (854.0, 504.0)
2025-02-03 15:10:31 - Eve týklandý.
2025-02-03 15:10:32 - Kedi eve yürüyor. Hedef: (107.0, 585.0)
2025-02-03 15:10:33 - Eve sað týklandý.
2025-02-03 15:10:33 - Ev menüsü açýldý.
2025-02-03 15:10:33 - Kedi eve yürüyor. Hedef: (107.0, 585.0)
2025-02-03 15:10:35 - Kediye týklandý.
2025-02-03 15:10:35 - Kedi konumu güncellendi: (360.0, 406.0)
2025-02-03 15:10:36 - Kediye sað týklandý.
2025-02-03 15:10:36 - Kedinin menüsü açýldý/kapatýldý.
2025-02-03 15:10:36 - Kediye sað týklandý.
2025-02-03 15:10:36 - Kedinin menüsü açýldý/kapatýldý.
2025-02-03 15:10:36 - Kediye sað týklandý.
2025-02-03 15:10:36 - Kedinin menüsü açýldý/kapatýldý.
2025-02-03 15:10:37 - Eve týklandý.
2025-02-03 15:10:37 - Kedi eve yürüyor. Hedef: (97.0, 596.0)
2025-02-03 15:10:38 - Kediye sað týklandý.
2025-02-03 15:10:38 - Kedinin menüsü açýldý/kapatýldý.
2025-02-03 15:10:38 - Kediye sað týklandý.
2025-02-03 15:10:38 - Kedinin menüsü açýldý/kapatýldý.
2025-02-03 15:10:38 - Kediye sað týklandý.
2025-02-03 15:10:38 - Kedinin menüsü açýldý/kapatýldý.
2025-02-03 15:10:39 - Kediye sað týklandý.
2025-02-03 15:10:39 - Kedinin menüsü açýldý/kapatýldý.
2025-02-03 15:10:39 - Kediye týklandý.
2025-02-03 15:10:39 - Kedi konumu güncellendi: (359.0, 406.0)
2025-02-03 15:10:39 - Kedi konumu güncellendi: (354.0, 412.0)
2025-02-03 15:10:39 - Kedi konumu güncellendi: (348.0, 419.0)
2025-02-03 15:10:39 - Kedi konumu güncellendi: (340.0, 427.0)
2025-02-03 15:10:39 - Kedi konumu güncellendi: (338.0, 429.0)
2025-02-03 15:10:39 - Kedi konumu güncellendi: (327.0, 437.0)
2025-02-03 15:10:39 - Kedi konumu güncellendi: (309.0, 450.0)
2025-02-03 15:10:39 - Kedi konumu güncellendi: (282.0, 466.0)
2025-02-03 15:10:39 - Kedi konumu güncellendi: (251.0, 480.0)
2025-02-03 15:10:39 - Kedi konumu güncellendi: (223.0, 491.0)
2025-02-03 15:10:39 - Kedi konumu güncellendi: (194.0, 500.0)
2025-02-03 15:10:39 - Kedi konumu güncellendi: (172.0, 506.0)
2025-02-03 15:10:39 - Kedi konumu güncellendi: (154.0, 510.0)
2025-02-03 15:10:39 - Kedi konumu güncellendi: (141.0, 513.0)
2025-02-03 15:10:39 - Kedi konumu güncellendi: (133.0, 515.0)
2025-02-03 15:10:39 - Kedi konumu güncellendi: (132.0, 515.0)
2025-02-03 15:10:39 - Kedi konumu güncellendi: (130.0, 516.0)
2025-02-03 15:10:39 - Kedi konumu güncellendi: (126.0, 517.0)
2025-02-03 15:10:39 - Kedi konumu güncellendi: (121.0, 519.0)
2025-02-03 15:10:39 - Kedi konumu güncellendi: (120.0, 519.0)
2025-02-03 15:10:39 - Kedi konumu güncellendi: (111.0, 522.0)
2025-02-03 15:10:39 - Kedi konumu güncellendi: (101.0, 525.0)
2025-02-03 15:10:39 - Kedi konumu güncellendi: (101.0, 526.0)
2025-02-03 15:10:39 - Kedi konumu güncellendi: (89.0, 530.0)
2025-02-03 15:10:39 - Kedi konumu güncellendi: (77.0, 534.0)
2025-02-03 15:10:39 - Kedi konumu güncellendi: (63.0, 538.0)
2025-02-03 15:10:39 - Kedi konumu güncellendi: (49.0, 543.0)
2025-02-03 15:10:39 - Kedi konumu güncellendi: (41.0, 546.0)
2025-02-03 15:10:39 - Kedi konumu güncellendi: (40.0, 546.0)
2025-02-03 15:10:39 - Kedi konumu güncellendi: (40.0, 547.0)
2025-02-03 15:10:39 - Kedi konumu güncellendi: (43.0, 546.0)
2025-02-03 15:10:39 - Kedi konumu güncellendi: (47.0, 545.0)
2025-02-03 15:10:39 - Kedi konumu güncellendi: (52.0, 543.0)
2025-02-03 15:10:39 - Kedi konumu güncellendi: (57.0, 541.0)
2025-02-03 15:10:39 - Kedi konumu güncellendi: (60.0, 540.0)
2025-02-03 15:10:40 - Kedi konumu güncellendi: (61.0, 540.0)
2025-02-03 15:10:40 - Kedi konumu güncellendi: (64.0, 539.0)
2025-02-03 15:10:40 - Kedi konumu güncellendi: (68.0, 539.0)
2025-02-03 15:10:40 - Kedi konumu güncellendi: (72.0, 539.0)
2025-02-03 15:10:40 - Kedi konumu güncellendi: (78.0, 538.0)
2025-02-03 15:10:40 - Kedi konumu güncellendi: (82.0, 537.0)
2025-02-03 15:10:40 - Kedi konumu güncellendi: (85.0, 536.0)
2025-02-03 15:10:40 - Kedi konumu güncellendi: (85.0, 538.0)
2025-02-03 15:10:40 - Kedi konumu güncellendi: (86.0, 542.0)
2025-02-03 15:10:40 - Kedi konumu güncellendi: (86.0, 544.0)
2025-02-03 15:10:40 - Kedi konumu güncellendi: (86.0, 547.0)
2025-02-03 15:10:40 - Kedi konumu güncellendi: (86.0, 549.0)
2025-02-03 15:10:40 - Kedi konumu güncellendi: (86.0, 553.0)
2025-02-03 15:10:40 - Kedi konumu güncellendi: (86.0, 555.0)
2025-02-03 15:10:40 - Kedi konumu güncellendi: (85.0, 556.0)
2025-02-03 15:10:40 - Eve sað týklandý.
2025-02-03 15:10:40 - Ev menüsü açýldý.
2025-02-03 15:10:40 - Kediye sað týklandý.
2025-02-03 15:10:40 - Kedinin menüsü açýldý/kapatýldý.
2025-02-03 15:10:42 - Eve týklandý.
2025-02-03 15:10:42 - Eve týklandý.
2025-02-03 15:10:42 - Eve týklandý.
2025-02-03 15:10:43 - Eve týklandý.
2025-02-03 15:10:43 - Kediye týklandý.
2025-02-03 15:10:43 - Kedi konumu güncellendi: (87.0, 556.0)
2025-02-03 15:10:43 - Kedi konumu güncellendi: (90.0, 555.0)
2025-02-03 15:10:43 - Kedi konumu güncellendi: (97.0, 551.0)
2025-02-03 15:10:43 - Kedi konumu güncellendi: (106.0, 545.0)
2025-02-03 15:10:43 - Kedi konumu güncellendi: (113.0, 538.0)
2025-02-03 15:10:43 - Kedi konumu güncellendi: (120.0, 531.0)
2025-02-03 15:10:43 - Kedi konumu güncellendi: (127.0, 524.0)
2025-02-03 15:10:43 - Kedi konumu güncellendi: (139.0, 513.0)
2025-02-03 15:10:43 - Kedi konumu güncellendi: (153.0, 503.0)
2025-02-03 15:10:43 - Kedi konumu güncellendi: (167.0, 492.0)
2025-02-03 15:10:43 - Kedi konumu güncellendi: (179.0, 483.0)
2025-02-03 15:10:43 - Kedi konumu güncellendi: (190.0, 474.0)
2025-02-03 15:10:43 - Kedi konumu güncellendi: (201.0, 465.0)
2025-02-03 15:10:43 - Kedi konumu güncellendi: (216.0, 456.0)
2025-02-03 15:10:44 - Kedi konumu güncellendi: (226.0, 451.0)
2025-02-03 15:10:44 - Kedi konumu güncellendi: (226.0, 450.0)
2025-02-03 15:10:44 - Kedi konumu güncellendi: (230.0, 449.0)
2025-02-03 15:10:44 - Kedi konumu güncellendi: (231.0, 447.0)
2025-02-03 15:10:44 - Kedi konumu güncellendi: (235.0, 446.0)
2025-02-03 15:10:44 - Kedi konumu güncellendi: (245.0, 440.0)
2025-02-03 15:10:44 - Kedi konumu güncellendi: (265.0, 429.0)
2025-02-03 15:10:44 - Kedi konumu güncellendi: (297.0, 413.0)
2025-02-03 15:10:44 - Kedi konumu güncellendi: (339.0, 395.0)
2025-02-03 15:10:44 - Kedi konumu güncellendi: (391.0, 379.0)
2025-02-03 15:10:44 - Kedi konumu güncellendi: (395.0, 378.0)
2025-02-03 15:10:44 - Kedi konumu güncellendi: (459.0, 366.0)
2025-02-03 15:10:44 - Kedi konumu güncellendi: (531.0, 356.0)
2025-02-03 15:10:44 - Kedi konumu güncellendi: (617.0, 344.0)
2025-02-03 15:10:44 - Kedi konumu güncellendi: (698.0, 332.0)
2025-02-03 15:10:44 - Kedi konumu güncellendi: (765.0, 324.0)
2025-02-03 15:10:44 - Kedi konumu güncellendi: (769.0, 323.0)
2025-02-03 15:10:44 - Kedi konumu güncellendi: (827.0, 315.0)
2025-02-03 15:10:44 - Kedi konumu güncellendi: (883.0, 307.0)
2025-02-03 15:10:44 - Kedi konumu güncellendi: (922.0, 300.0)
2025-02-03 15:10:44 - Kedi konumu güncellendi: (951.0, 295.0)
2025-02-03 15:10:44 - Kedi konumu güncellendi: (953.0, 294.0)
2025-02-03 15:10:44 - Kedi konumu güncellendi: (973.0, 287.0)
2025-02-03 15:10:44 - Kedi konumu güncellendi: (991.0, 274.0)
2025-02-03 15:10:44 - Kedi konumu güncellendi: (1001.0, 266.0)
2025-02-03 15:10:44 - Kedi konumu güncellendi: (1008.0, 259.0)
2025-02-03 15:10:44 - Kedi konumu güncellendi: (1012.0, 255.0)
2025-02-03 15:10:44 - Kedi konumu güncellendi: (1013.0, 254.0)
2025-02-03 15:10:44 - Kedi konumu güncellendi: (1014.0, 253.0)
2025-02-03 15:10:44 - Kedi konumu güncellendi: (1014.0, 251.0)
2025-02-03 15:10:45 - Eve týklandý.
2025-02-03 15:10:45 - Kedi eve yürüyor. Hedef: (127.0, 586.0)
2025-02-03 15:10:45 - Eve týklandý.
2025-02-03 15:10:45 - Kedi eve yürüyor. Hedef: (127.0, 586.0)
2025-02-03 15:10:45 - Eve týklandý.
2025-02-03 15:10:45 - Kedi eve yürüyor. Hedef: (127.0, 586.0)
2025-02-03 15:10:45 - Eve týklandý.
2025-02-03 15:10:46 - Kedi eve yürüyor. Hedef: (127.0, 586.0)
2025-02-03 15:10:46 - Eve týklandý.
2025-02-03 15:10:46 - Kedi eve yürüyor. Hedef: (127.0, 586.0)
2025-02-03 15:10:47 - Eve týklandý.
2025-02-03 15:10:48 - Kedi eve yürüyor. Hedef: (127.0, 586.0)
2025-02-03 15:10:48 - Eve týklandý.
2025-02-03 15:10:48 - Kedi eve yürüyor. Hedef: (127.0, 586.0)
2025-02-03 15:10:49 - Eve týklandý.
2025-02-03 15:10:49 - Kedi eve yürüyor. Hedef: (127.0, 586.0)
2025-02-03 15:10:49 - Eve sað týklandý.
2025-02-03 15:10:49 - Ev menüsü açýldý.
2025-02-03 15:10:49 - Kedi eve yürüyor. Hedef: (127.0, 586.0)
2025-02-03 15:10:50 - Eve týklandý.
2025-02-03 15:10:50 - Kedi eve yürüyor. Hedef: (127.0, 586.0)
2025-02-03 15:10:50 - Eve týklandý.
2025-02-03 15:10:50 - Kedi eve yürüyor. Hedef: (127.0, 586.0)
2025-02-03 15:10:50 - Eve týklandý.
2025-02-03 15:10:50 - Kedi eve yürüyor. Hedef: (127.0, 586.0)
2025-02-03 15:10:50 - Eve týklandý.
2025-02-03 15:10:51 - Kedi eve yürüyor. Hedef: (127.0, 586.0)
2025-02-03 15:10:51 - Eve týklandý.
2025-02-03 15:10:51 - Kedi eve yürüyor. Hedef: (127.0, 586.0)
2025-02-03 15:10:51 - Eve týklandý.
2025-02-03 15:10:51 - Kedi eve yürüyor. Hedef: (127.0, 586.0)
2025-02-03 15:11:24,486 - INFO - Oyun kapatýldý.
